This file contains any messages produced by compilers while
running configure, to aid debugging if configure makes a mistake.

It was created by asciidoc configure 8.6.8, which was
generated by GNU Autoconf 2.68.  Invocation command line was

  $ ./configure 

## --------- ##
## Platform. ##
## --------- ##

hostname = Napa.local
uname -m = x86_64
uname -r = 12.0.0
uname -s = Darwin
uname -v = Darwin Kernel Version 12.0.0: Sun Jun 24 23:00:16 PDT 2012; root:xnu-2050.7.9~1/RELEASE_X86_64

/usr/bin/uname -p = i386
/bin/uname -X     = unknown

/bin/arch              = unknown
/usr/bin/arch -k       = unknown
/usr/convex/getsysinfo = unknown
/usr/bin/hostinfo      = Mach kernel version:
	 Darwin Kernel Version 12.0.0: Sun Jun 24 23:00:16 PDT 2012; root:xnu-2050.7.9~1/RELEASE_X86_64
Kernel configured for up to 4 processors.
2 processors are physically available.
4 processors are logically available.
Processor type: i486 (Intel 80486)
Processors active: 0 1 2 3
Primary memory available: 8.00 gigabytes
Default processor set: 146 tasks, 727 threads, 4 processors
Load average: 0.69, Mach factor: 3.29
/bin/machine           = unknown
/usr/bin/oslevel       = unknown
/bin/universe          = unknown

PATH: /Users/marko/bin
PATH: /usr/bin
PATH: /bin
PATH: /usr/sbin
PATH: /sbin
PATH: /usr/local/bin
PATH: /opt/local/bin
PATH: /usr/local/bin
PATH: /usr/local/mysql/bin
PATH: /Users/marko/tools/sdk/tools
PATH: /Users/marko/tools/sdk/platform-tools
PATH: /Users/marko/tools/ndk
PATH: /opt/local/bin
PATH: /opt/local/sbin
PATH: /usr/local/node/bin
PATH: /Users/marko/.gem/ruby/1.8/bin


## ----------- ##
## Core tests. ##
## ----------- ##

configure:1656: checking for a sed that does not truncate output
configure:1720: result: /opt/local/bin/gsed
configure:1726: checking whether ln -s works
configure:1730: result: yes
configure:1781: checking for a BSD-compatible install
configure:1849: result: /usr/bin/install -c
configure:2011: creating ./config.status

## ---------------------- ##
## Running config.status. ##
## ---------------------- ##

This file was extended by asciidoc config.status 8.6.8, which was
generated by GNU Autoconf 2.68.  Invocation command line was

  CONFIG_FILES    = 
  CONFIG_HEADERS  = 
  CONFIG_LINKS    = 
  CONFIG_COMMANDS = 
  $ ./config.status 

on Napa.local

config.status:730: creating Makefile

## ---------------- ##
## Cache variables. ##
## ---------------- ##

ac_cv_env_build_alias_set=
ac_cv_env_build_alias_value=
ac_cv_env_host_alias_set=
ac_cv_env_host_alias_value=
ac_cv_env_target_alias_set=
ac_cv_env_target_alias_value=
ac_cv_path_SED=/opt/local/bin/gsed
ac_cv_path_install='/usr/bin/install -c'

## ----------------- ##
## Output variables. ##
## ----------------- ##

DEFS='-DPACKAGE_NAME=\"asciidoc\" -DPACKAGE_TARNAME=\"asciidoc\" -DPACKAGE_VERSION=\"8.6.8\" -DPACKAGE_STRING=\"asciidoc\ 8.6.8\" -DPACKAGE_BUGREPORT=\"\" -DPACKAGE_URL=\"\"'
ECHO_C='\c'
ECHO_N=''
ECHO_T=''
INSTALL_DATA='${INSTALL} -m 644'
INSTALL_PROGRAM='${INSTALL}'
INSTALL_SCRIPT='${INSTALL}'
LIBOBJS=''
LIBS=''
LN_S='ln -s'
LTLIBOBJS=''
PACKAGE_BUGREPORT=''
PACKAGE_NAME='asciidoc'
PACKAGE_STRING='asciidoc 8.6.8'
PACKAGE_TARNAME='asciidoc'
PACKAGE_URL=''
PACKAGE_VERSION='8.6.8'
PATH_SEPARATOR=':'
SED='/opt/local/bin/gsed'
SHELL='/bin/sh'
bindir='${exec_prefix}/bin'
build_alias=''
datadir='${datarootdir}'
datarootdir='${prefix}/share'
docdir='${datarootdir}/doc/${PACKAGE_TARNAME}'
dvidir='${docdir}'
exec_prefix='${prefix}'
host_alias=''
htmldir='${docdir}'
includedir='${prefix}/include'
infodir='${datarootdir}/info'
libdir='${exec_prefix}/lib'
libexecdir='${exec_prefix}/libexec'
localedir='${datarootdir}/locale'
localstatedir='${prefix}/var'
mandir='${datarootdir}/man'
oldincludedir='/usr/include'
pdfdir='${docdir}'
prefix='/usr/local'
program_transform_name='s,x,x,'
psdir='${docdir}'
sbindir='${exec_prefix}/sbin'
sharedstatedir='${prefix}/com'
sysconfdir='${prefix}/etc'
target_alias=''

## ----------- ##
## confdefs.h. ##
## ----------- ##

/* confdefs.h */
#define PACKAGE_NAME "asciidoc"
#define PACKAGE_TARNAME "asciidoc"
#define PACKAGE_VERSION "8.6.8"
#define PACKAGE_STRING "asciidoc 8.6.8"
#define PACKAGE_BUGREPORT ""
#define PACKAGE_URL ""

configure: exit 0
